2012-03-12-14-27-33: come to entry
2012-03-12-14-27-33: parameters is 
2012-03-12-14-27-33: Load Configdll success!
2012-03-12-14-27-33: come to notify_show
2012-03-12-14-27-33: get guid is {1E56A5A6-6A71-4B36-9CD0-F99D66D9019C}
2012-03-12-14-27-33: come to  create_window thread
2012-03-12-14-27-33: run to create_window
2012-03-12-14-27-33: come to start_server
2012-03-12-14-27-33: come to create socket thread
2012-03-12-14-27-33: init socketsuccess!
2012-03-12-14-27-33: run to VWN->set_hwnd(hwnd)
2012-03-12-14-27-33: come to VirtualWifiNotifyIcon::Show()
2012-03-12-14-27-38: run to socket accept
2012-03-12-14-27-38: come to VirtualWifiSocket::OnAccept(SOCKET& socket)
2012-03-12-14-27-38: run to the receive data isMain_Socket
2012-03-12-14-27-38: check CLIENTTYPE_MAINsuccess!
2012-03-12-14-27-38: come to VirtualWifiCommunication::OnMainSocketConnection()
2012-03-12-14-27-38: recv client frist link
2012-03-12-14-27-38: come to :show_balloon(CONST_STR sz_tip_title,CONST_STR sz_tip_content)
2012-03-12-14-27-38: come to VirtualWifiCommunication::init_wifi()
2012-03-12-14-27-38: come to void VirtualWifiCommunication::init_wifi_adapter()
2012-03-12-14-27-38: run to send_main(CONST_STR) the data is 
2012-03-12-14-27-38: come to VirtualWifiManageAdapter::GetConnectedAdapterList()
2012-03-12-14-27-38: come to  VirtualWifiManageAdapter::InitAdapterList()
2012-03-12-14-27-38: come to VirtualWifiManageAdapter::InitNetSharingManger()
2012-03-12-14-27-38: pNSM->get_EnumEveryConnection success!
2012-03-12-14-27-38: InitAdapterList success!
2012-03-12-14-27-38: the adapter is
2012-03-12-14-27-38: the adapter is
2012-03-12-14-27-38: find connected adaptersuccess!
2012-03-12-14-27-38: the adapter is
2012-03-12-14-27-38: find connected adaptersuccess!
2012-03-12-14-27-38: the adapter is
2012-03-12-14-27-38: find connected adaptersuccess!
2012-03-12-14-27-38: the adapter is
2012-03-12-14-27-38: find connected adaptersuccess!
2012-03-12-14-27-38: run to send_main(list<wstring>) the data is ‡eø~Q‹~ﬁè•c
2012-03-12-14-27-38: come to VirtualWifiCommunication::init_wifi_selected_adapter()
2012-03-12-14-27-38: come to VirtualWifiManageAdapter::IntelligentFindNetAdapter()
2012-03-12-14-27-38: come to  VirtualWifiManageAdapter::InitAdapterList()
2012-03-12-14-27-38: come to VirtualWifiManageAdapter::InitNetSharingManger()
2012-03-12-14-27-38: pNSM->get_EnumEveryConnection success!
2012-03-12-14-27-38: find the adapter with netsuccess!
2012-03-12-14-27-38: run to send_main(wstring) the data is C
2012-03-12-14-27-38: send_main(char*) data is 011111«Ïˆ«å0aŸ”±¿/.
2012-03-12-14-27-38: come to VirtualWifiCommunication::init_wifi_soft()
2012-03-12-14-27-38: run to send_main(CONST_STR) the data is –Èƒ‚Œﬁœﬂ¬∑”…&V≤‚ ‘∞Ê
2012-03-12-14-27-38: send back ground
2012-03-12-14-27-38: send_main(char*) data is Res/back.png
2012-03-12-14-27-38: come to VirtualWifiCommunication::init_wifi_account()
2012-03-12-14-27-38: run to init_wifi_account the data is lhb
2012-03-12-14-27-38: run to send_main(list<CONST_STR>) the data is lhb
2012-03-12-14-27-38: run to send_main(CONST_STR) the data is 
2012-03-12-14-27-38: come to VirtualWifiSocketBase::OnAccept(SOCKET& socket)
2012-03-12-14-28-12: the adapter name is 
2012-03-12-14-28-12: come to VirtualWifiManageAdapter::UnSharingAdapter(CONST_STR sz_ada
2012-03-12-14-28-12: come to  VirtualWifiManageAdapter::InitAdapterList()
2012-03-12-14-28-12: come to VirtualWifiManageAdapter::InitNetSharingManger()
2012-03-12-14-28-12: pNSM->get_EnumEveryConnection success!
2012-03-12-14-28-12: InitAdapterList success!
2012-03-12-14-28-12: run to adapter while
2012-03-12-14-28-12: come in while the name is
2012-03-12-14-28-12: run to share the adapter
2012-03-12-14-28-12: run to adapter while
2012-03-12-14-28-12: come in while the name is
2012-03-12-14-28-12: run to adapter while
2012-03-12-14-28-12: come in while the name is
2012-03-12-14-28-12: run to adapter while
2012-03-12-14-28-12: come in while the name is
2012-03-12-14-28-12: run to adapter while
2012-03-12-14-28-12: come in while the name is
