2012-02-20-22-57-12: come to entry
2012-02-20-22-57-12: Load Configdll success!
2012-02-20-22-57-13: come to create socket thread
2012-02-20-22-57-13: init socketsuccess!
2012-02-20-22-57-26: run to socket accept
2012-02-20-22-57-26: come to VirtualWifiSocket::OnAccept(SOCKET& socket)
2012-02-20-22-57-27: run to the receive data isMain_Socket
2012-02-20-22-57-27: check CLIENTTYPE_MAINsuccess!
2012-02-20-22-57-27: come to VirtualWifiCommunication::OnMainSocketConnection()
2012-02-20-22-57-27: recv client frist link
2012-02-20-22-57-27: come to VirtualWifiCommunication::init_wifi()
2012-02-20-22-57-27: come to VirtualWifiCommunication::init_wifi_soft()
2012-02-20-22-57-27: run to send_main(CONST_STR) the data is 虚拟无线路由&V测试版
2012-02-20-22-57-27: send back ground
2012-02-20-22-57-27: send_main(char*) data is Res/back.png
2012-02-20-22-57-27: come to VirtualWifiCommunication::init_wifi_account()
2012-02-20-22-57-27: run to init_wifi_account the data is lhb
2012-02-20-22-57-27: run to send_main(list<CONST_STR>) the data is lhb
2012-02-20-22-57-27: come to void VirtualWifiCommunication::init_wifi_adapter()
2012-02-20-22-57-27: come to  VirtualWifiManageAdapter::GetConnectedAdapterList()
2012-02-20-22-57-27: come to  VirtualWifiManageAdapter::InitAdapterList()
2012-02-20-22-57-27: come to VirtualWifiManageAdapter::InitNetSharingManger()
2012-02-20-22-57-27: pNSM->get_EnumEveryConnection success!
2012-02-20-22-57-27: InitAdapterList success!
2012-02-20-22-57-27: the adapter is无线网络连接
2012-02-20-22-57-27: the adapter is本地连接
2012-02-20-22-57-27: find connected adaptersuccess!
2012-02-20-22-57-27: the adapter is无线网络连接 2
2012-02-20-22-57-27: the adapter is宽带连接
2012-02-20-22-57-27: the adapter isChinaNetSNWide
2012-02-20-22-57-27: find connected adaptersuccess!
2012-02-20-22-57-27: run to send_main(list<wstring>) the data is ,g0Wc
2012-02-20-22-57-27: come to VirtualWifiCommunication::init_wifi_selected_adapter()
2012-02-20-22-57-27: come to VirtualWifiManageAdapter::IntelligentFindNetAdapter()
2012-02-20-22-57-27: come to  VirtualWifiManageAdapter::InitAdapterList()
2012-02-20-22-57-27: come to VirtualWifiManageAdapter::InitNetSharingManger()
2012-02-20-22-57-27: pNSM->get_EnumEveryConnection success!
2012-02-20-22-57-27: find the adapter with netsuccess!
2012-02-20-22-57-27: find the adapter with netsuccess!
2012-02-20-22-57-27: run to send_main(wstring) the data is ,g0WcC
2012-02-20-22-57-27: send_main(char*) data is 011111
2012-02-20-22-57-27: run to send_main(CONST_STR) the data is 
2012-02-20-22-57-27: come to VirtualWifiSocketBase::OnAccept(SOCKET& socket)
