2012-03-17-13-59-03: come to entry
2012-03-17-13-59-03: parameters is 
2012-03-17-13-59-03: Load Configdll success!
2012-03-17-13-59-03: come to notify_show
2012-03-17-13-59-03: come to  create_window thread
2012-03-17-13-59-03: run to create_window
2012-03-17-13-59-03: get guid is {1E56A5A6-6A71-4B36-9CD0-F99D66D9019C}
2012-03-17-13-59-03: come to start_server
2012-03-17-13-59-03: run to VWN->set_hwnd(hwnd)
2012-03-17-13-59-03: come to VirtualWifiNotifyIcon::Show()
2012-03-17-13-59-03: come to VirtualWifiManageAdapter::IntelligentFindNetAdapter()
2012-03-17-13-59-03: init socketsuccess!
2012-03-17-13-59-03: come to  VirtualWifiManageAdapter::InitAdapterList()
2012-03-17-13-59-03: come to VirtualWifiManageAdapter::InitNetSharingManger()
2012-03-17-13-59-03: pNSM->get_EnumEveryConnection success!
2012-03-17-13-59-03: start wifi fail
2012-03-17-13-59-03: the adapter name is 
2012-03-17-13-59-03: come to VirtualWifiManageAdapter::UnSharingAdapter(CONST_STR sz_ada
2012-03-17-13-59-03: come to  VirtualWifiManageAdapter::InitAdapterList()
2012-03-17-13-59-03: come to VirtualWifiManageAdapter::InitNetSharingManger()
2012-03-17-13-59-03: pNSM->get_EnumEveryConnection success!
2012-03-17-13-59-03: InitAdapterList success!
2012-03-17-13-59-03: run to adapter while
2012-03-17-13-59-03: come in while the name is
2012-03-17-13-59-03: run to share the adapter
2012-03-17-13-59-03: run to adapter while
2012-03-17-13-59-03: come in while the name is
2012-03-17-13-59-03: run to adapter while
2012-03-17-13-59-03: come in while the name is
2012-03-17-13-59-03: run to adapter while
2012-03-17-13-59-03: come in while the name is
2012-03-17-13-59-03: run to adapter while
2012-03-17-13-59-03: come in while the name is
2012-03-17-13-59-03: run to adapter while
2012-03-17-13-59-03: come in while the name is
2012-03-17-13-59-03: come to :show_balloon(CONST_STR sz_tip_title,CONST_STR sz_tip_content)
