2012-03-11-14-59-07: come to entry
2012-03-11-14-59-07: parameters is 
2012-03-11-14-59-07: Load Configdll success!
2012-03-11-14-59-07: come to notify_show
2012-03-11-14-59-07: come to  create_window thread
2012-03-11-14-59-07: run to create_window
2012-03-11-14-59-07: get guid is {1E56A5A6-6A71-4B36-9CD0-F99D66D9019C}
2012-03-11-14-59-07: come to start_server
2012-03-11-14-59-07: run to VWN->set_hwnd(hwnd)
2012-03-11-14-59-07: come to VirtualWifiNotifyIcon::Show()
2012-03-11-14-59-07: come to create socket thread
2012-03-11-14-59-07: init socketsuccess!
2012-03-11-14-59-14: run to socket accept
2012-03-11-14-59-14: come to VirtualWifiSocket::OnAccept(SOCKET& socket)
2012-03-11-14-59-14: run to the receive data isMain_Socket
2012-03-11-14-59-14: check CLIENTTYPE_MAINsuccess!
2012-03-11-14-59-14: come to VirtualWifiCommunication::OnMainSocketConnection()
2012-03-11-14-59-18: recv client frist link
2012-03-11-14-59-18: come to :show_balloon(CONST_STR sz_tip_title,CONST_STR sz_tip_content)
2012-03-11-14-59-18: come to VirtualWifiCommunication::init_wifi()
2012-03-11-14-59-18: come to void VirtualWifiCommunication::init_wifi_adapter()
2012-03-11-14-59-18: run to send_main(CONST_STR) the data is 
2012-03-11-14-59-22: come to VirtualWifiManageAdapter::GetConnectedAdapterList()
2012-03-11-14-59-22: come to  VirtualWifiManageAdapter::InitAdapterList()
2012-03-11-14-59-22: come to VirtualWifiManageAdapter::InitNetSharingManger()
2012-03-11-14-59-22: pNSM->get_EnumEveryConnection success!
2012-03-11-14-59-22: InitAdapterList success!
2012-03-11-14-59-22: the adapter is
2012-03-11-14-59-22: find connected adaptersuccess!
2012-03-11-14-59-22: the adapter is
2012-03-11-14-59-22: the adapter is
2012-03-11-14-59-22: find connected adaptersuccess!
2012-03-11-14-59-22: run to send_main(list<wstring>) the data is ‡eø~Q‹~ﬁè•c
2012-03-11-14-59-22: come to VirtualWifiCommunication::init_wifi_selected_adapter()
2012-03-11-14-59-22: come to VirtualWifiManageAdapter::IntelligentFindNetAdapter()
2012-03-11-14-59-22: come to  VirtualWifiManageAdapter::InitAdapterList()
2012-03-11-14-59-22: come to VirtualWifiManageAdapter::InitNetSharingManger()
2012-03-11-14-59-22: pNSM->get_EnumEveryConnection success!
2012-03-11-14-59-22: find the adapter with netsuccess!
2012-03-11-14-59-22: run to send_main(wstring) the data is C
2012-03-11-14-59-22: send_main(char*) data is 011111$˚,.¢S„F8¿/>
2012-03-11-14-59-22: come to VirtualWifiCommunication::init_wifi_soft()
2012-03-11-14-59-22: run to send_main(CONST_STR) the data is –Èƒ‚Œﬁœﬂ¬∑”…&V≤‚ ‘∞Ê
2012-03-11-14-59-22: send back ground
2012-03-11-14-59-22: send_main(char*) data is Res/back.png
2012-03-11-14-59-22: come to VirtualWifiCommunication::init_wifi_account()
2012-03-11-14-59-22: run to init_wifi_account the data is lhb
2012-03-11-14-59-22: run to send_main(list<CONST_STR>) the data is lhb
2012-03-11-14-59-22: run to send_main(CONST_STR) the data is 
2012-03-11-14-59-22: come to VirtualWifiSocketBase::OnAccept(SOCKET& socket)
2012-03-11-14-59-34: come to void VirtualWifiCommunication::init_wifi_adapter()
2012-03-11-14-59-34: run to send_main(CONST_STR) the data is 
2012-03-11-14-59-37: come to VirtualWifiManageAdapter::GetConnectedAdapterList()
2012-03-11-14-59-37: come to  VirtualWifiManageAdapter::InitAdapterList()
2012-03-11-14-59-37: come to VirtualWifiManageAdapter::InitNetSharingManger()
2012-03-11-14-59-37: pNSM->get_EnumEveryConnection success!
2012-03-11-14-59-37: InitAdapterList success!
2012-03-11-14-59-37: the adapter is
2012-03-11-14-59-37: find connected adaptersuccess!
2012-03-11-14-59-37: the adapter is
2012-03-11-14-59-37: the adapter is
2012-03-11-14-59-37: find connected adaptersuccess!
2012-03-11-14-59-37: run to send_main(list<wstring>) the data is ‡eø~Q‹~ﬁè•c
2012-03-11-14-59-37: come to VirtualWifiCommunication::init_wifi_selected_adapter()
2012-03-11-14-59-37: come to VirtualWifiManageAdapter::IntelligentFindNetAdapter()
2012-03-11-14-59-37: come to  VirtualWifiManageAdapter::InitAdapterList()
2012-03-11-14-59-37: come to VirtualWifiManageAdapter::InitNetSharingManger()
2012-03-11-14-59-37: pNSM->get_EnumEveryConnection success!
2012-03-11-14-59-37: find the adapter with netsuccess!
2012-03-11-14-59-37: run to send_main(wstring) the data is C
2012-03-11-14-59-47: recv start wifi command
2012-03-11-14-59-47: come to VirtualWifiNetInfo::parse_netinfoex(CONST_STR sz_parse_c)
2012-03-11-14-59-47: copy netinfosuccess!
2012-03-11-14-59-47: the adapter name is ChinaNetSNWide
2012-03-11-14-59-47: come to VirtualWifiAchieve::start_wifi(NetInfoEx& netinfoex)
2012-03-11-14-59-48: come to set_adapter_info
2012-03-11-14-59-48: the adapter name is ChinaNetSNWide
2012-03-11-14-59-48: come to VirtualWifiManageAdapter::SetSharingAdapter(CONST_STR sz_ada
2012-03-11-14-59-48: come to  VirtualWifiManageAdapter::InitAdapterList()
2012-03-11-14-59-48: come to VirtualWifiManageAdapter::InitNetSharingManger()
2012-03-11-14-59-48: pNSM->get_EnumEveryConnection success!
2012-03-11-14-59-48: InitAdapterList success!
2012-03-11-14-59-48: run to adapter while
2012-03-11-14-59-48: run to adapter while
2012-03-11-14-59-48: come in while the name is ŒﬁœﬂÕ¯¬Á¡¨Ω”
2012-03-11-14-59-48: come in while the device name isAtheros AR9285 Wireless Network Adapter
2012-03-11-14-59-48: run to adapter while
2012-03-11-14-59-48: come in while the name is ±æµÿ¡¨Ω”
2012-03-11-14-59-48: come in while the device name isJMicron PCI Express Gigabit Ethernet Adapter
2012-03-11-14-59-48: run to adapter while
2012-03-11-14-59-48: come in while the name is ChinaNetSNWide
2012-03-11-14-59-48: run to share the adapter
2012-03-11-14-59-50: come in while the device name isWAN Miniport (PPPOE)
2012-03-11-14-59-50: start wifi fun
2012-03-11-14-59-50: start wifi fail
2012-03-11-14-59-50: the adapter name is ChinaNetSNWide
2012-03-11-14-59-50: come to VirtualWifiManageAdapter::UnSharingAdapter(CONST_STR sz_ada
2012-03-11-14-59-50: come to  VirtualWifiManageAdapter::InitAdapterList()
2012-03-11-14-59-50: come to VirtualWifiManageAdapter::InitNetSharingManger()
2012-03-11-14-59-50: pNSM->get_EnumEveryConnection success!
2012-03-11-14-59-50: InitAdapterList success!
2012-03-11-14-59-50: run to adapter while
2012-03-11-14-59-50: run to adapter while
2012-03-11-14-59-50: come in while the name is
2012-03-11-14-59-50: run to adapter while
2012-03-11-14-59-50: come in while the name is
2012-03-11-14-59-50: run to adapter while
2012-03-11-14-59-50: come in while the name is
2012-03-11-14-59-50: come to :show_balloon(CONST_STR sz_tip_title,CONST_STR sz_tip_content)
2012-03-11-14-59-50: run to send_main(CONST_STR) the data is 
2012-03-11-14-59-50: run to send_main(CONST_STR) the data is Œ¥’“µΩ–Èƒ‚Õ¯ø®,«Î»∑»œŒﬁœﬂÕ¯ø® «∑Ò÷ß≥÷!
2012-03-11-14-59-55: the adapter name is ChinaNetSNWide
2012-03-11-14-59-55: come to VirtualWifiManageAdapter::UnSharingAdapter(CONST_STR sz_ada
2012-03-11-14-59-55: come to  VirtualWifiManageAdapter::InitAdapterList()
2012-03-11-14-59-55: come to VirtualWifiManageAdapter::InitNetSharingManger()
2012-03-11-14-59-55: pNSM->get_EnumEveryConnection success!
2012-03-11-14-59-55: InitAdapterList success!
2012-03-11-14-59-55: run to adapter while
2012-03-11-14-59-55: come in while the name is
2012-03-11-14-59-55: run to adapter while
2012-03-11-14-59-55: come in while the name is
2012-03-11-14-59-55: run to adapter while
2012-03-11-14-59-55: come in while the name is
