2012-03-17-22-19-31: come to entry
2012-03-17-22-19-31: parameters is 
2012-03-17-22-19-31: Load Configdll success!
2012-03-17-22-19-31: come to notify_show
2012-03-17-22-19-31: come to  create_window thread
2012-03-17-22-19-31: run to create_window
2012-03-17-22-19-31: run to VWN->set_hwnd(hwnd)
2012-03-17-22-19-31: come to VirtualWifiNotifyIcon::Show()
2012-03-17-22-19-31: come to :show_balloon(CONST_STR sz_tip_title,CONST_STR sz_tip_content)
2012-03-17-22-19-33: come to GetVirtualAdapterGuid
2012-03-17-22-19-33: ChinaNetSNWide
2012-03-17-22-19-33: Microsoft Virtual WiFi Miniport Adapter #2
2012-03-17-22-19-34: come to start_server
2012-03-17-22-19-34: come to VirtualWifiManageAdapter::IntelligentFindNetAdapter()
2012-03-17-22-19-34: come to  VirtualWifiManageAdapter::InitAdapterList()
2012-03-17-22-19-34: come to VirtualWifiManageAdapter::InitNetSharingManger()
2012-03-17-22-19-34: come to create socket thread
2012-03-17-22-19-34: init socketsuccess!
2012-03-17-22-19-34: pNSM->get_EnumEveryConnection success!
2012-03-17-22-19-34: find the adapter with netsuccess!
2012-03-17-22-19-34: come to VirtualWifiAchieve::start_wifi(NetInfoEx& netinfoex)
2012-03-17-22-19-34: come to set_adapter_info
2012-03-17-22-19-35: the adapter name is ChinaNetSNWide
2012-03-17-22-19-35: come to VirtualWifiManageAdapter::SetSharingAdapter(CONST_STR sz_ada
2012-03-17-22-19-35: come to  VirtualWifiManageAdapter::InitAdapterList()
2012-03-17-22-19-35: come to VirtualWifiManageAdapter::InitNetSharingManger()
2012-03-17-22-19-35: pNSM->get_EnumEveryConnection success!
2012-03-17-22-19-35: InitAdapterList success!
2012-03-17-22-19-35: run to adapter while
2012-03-17-22-19-35: come in while the name is VMware Network Adapter VMnet1
2012-03-17-22-19-35: come in while the device name isVMware Virtual Ethernet Adapter for VMnet1
2012-03-17-22-19-35: run to adapter while
2012-03-17-22-19-35: come in while the name is VMware Network Adapter VMnet8
2012-03-17-22-19-35: come in while the device name isVMware Virtual Ethernet Adapter for VMnet8
2012-03-17-22-19-35: run to adapter while
2012-03-17-22-19-35: come in while the name is 本地连接
2012-03-17-22-19-35: come in while the device name isJMicron PCI Express Gigabit Ethernet Adapter
2012-03-17-22-19-35: run to adapter while
2012-03-17-22-19-35: come in while the name is 无线网络连接
2012-03-17-22-19-35: come in while the device name isAtheros AR9285 Wireless Network Adapter
2012-03-17-22-19-35: run to adapter while
2012-03-17-22-19-35: come in while the name is 无线网络连接 3
2012-03-17-22-19-35: come in while the device name isMicrosoft Virtual WiFi Miniport Adapter #2
2012-03-17-22-19-36: run to adapter while
2012-03-17-22-19-36: come in while the name is ChinaNetSNWide
2012-03-17-22-19-36: run to share the adapter
2012-03-17-22-19-36: come in while the device name isWAN Miniport (PPPOE)
2012-03-17-22-19-36: start wifi fun
