2012-03-11-10-45-50: come to entry
2012-03-11-10-45-50: parameters is 
2012-03-11-10-45-50: Load Configdll success!
2012-03-11-10-45-50: come to notify_show
2012-03-11-10-45-50: come to  create_window thread
2012-03-11-10-45-50: run to create_window
2012-03-11-10-45-50: run to VWN->set_hwnd(hwnd)
2012-03-11-10-45-50: come to VirtualWifiNotifyIcon::Show()
2012-03-11-10-45-51: come to :show_balloon(CONST_STR sz_tip_title,CONST_STR sz_tip_content)
2012-03-11-10-45-53: come to GetVirtualAdapterGuid
2012-03-11-10-45-53: ChinaNetSNWide
2012-03-11-10-45-53: Microsoft Virtual WiFi Miniport Adapter
2012-03-11-10-45-53: come to start_server
2012-03-11-10-45-53: come to create socket thread
2012-03-11-10-45-53: init socketsuccess!
2012-03-11-10-48-08: run to socket accept
2012-03-11-10-48-08: come to VirtualWifiSocket::OnAccept(SOCKET& socket)
2012-03-11-10-48-08: run to the receive data isMain_Socket
2012-03-11-10-48-08: check CLIENTTYPE_MAINsuccess!
2012-03-11-10-48-08: come to VirtualWifiCommunication::OnMainSocketConnection()
2012-03-11-10-48-08: recv client frist link
2012-03-11-10-48-08: come to :show_balloon(CONST_STR sz_tip_title,CONST_STR sz_tip_content)
2012-03-11-10-48-08: come to VirtualWifiCommunication::init_wifi()
2012-03-11-10-48-08: come to void VirtualWifiCommunication::init_wifi_adapter()
2012-03-11-10-48-08: run to send_main(CONST_STR) the data is 
2012-03-11-10-48-08: come to VirtualWifiManageAdapter::GetConnectedAdapterList()
2012-03-11-10-48-08: come to  VirtualWifiManageAdapter::InitAdapterList()
2012-03-11-10-48-08: come to VirtualWifiManageAdapter::InitNetSharingManger()
2012-03-11-10-48-08: pNSM->get_EnumEveryConnection success!
2012-03-11-10-48-08: InitAdapterList success!
2012-03-11-10-48-08: the adapter isÎŞÏßÍøÂçÁ¬½Ó
2012-03-11-10-48-08: find connected adaptersuccess!
2012-03-11-10-48-08: the adapter is±¾µØÁ¬½Ó
2012-03-11-10-48-08: the adapter isChinaNetSNWide
2012-03-11-10-48-08: find connected adaptersuccess!
2012-03-11-10-48-08: run to send_main(list<wstring>) the data is àe¿~QÜ~Ş¥c
2012-03-11-10-48-08: come to VirtualWifiCommunication::init_wifi_selected_adapter()
2012-03-11-10-48-08: come to VirtualWifiManageAdapter::IntelligentFindNetAdapter()
2012-03-11-10-48-08: come to  VirtualWifiManageAdapter::InitAdapterList()
2012-03-11-10-48-08: come to VirtualWifiManageAdapter::InitNetSharingManger()
2012-03-11-10-48-08: pNSM->get_EnumEveryConnection success!
2012-03-11-10-48-08: find the adapter with netsuccess!
2012-03-11-10-48-08: run to send_main(wstring) the data is C
2012-03-11-10-48-08: send_main(char*) data is 011111ïTşï,.ÿsè+˜À/³
2012-03-11-10-48-08: come to VirtualWifiCommunication::init_wifi_soft()
2012-03-11-10-48-08: run to send_main(CONST_STR) the data is ĞéÄâÎŞÏßÂ·ÓÉ&V²âÊÔ°æ
2012-03-11-10-48-08: send back ground
2012-03-11-10-48-08: send_main(char*) data is Res/back.png
2012-03-11-10-48-08: come to VirtualWifiCommunication::init_wifi_account()
2012-03-11-10-48-08: run to init_wifi_account the data is lhb
2012-03-11-10-48-08: run to send_main(list<CONST_STR>) the data is lhb
2012-03-11-10-48-08: run to send_main(CONST_STR) the data is 
2012-03-11-10-48-08: come to VirtualWifiSocketBase::OnAccept(SOCKET& socket)
2012-03-11-10-48-17: the adapter name is 
2012-03-11-10-48-17: come to VirtualWifiManageAdapter::UnSharingAdapter(CONST_STR sz_ada
2012-03-11-10-48-17: come to  VirtualWifiManageAdapter::InitAdapterList()
2012-03-11-10-48-17: come to VirtualWifiManageAdapter::InitNetSharingManger()
2012-03-11-10-48-17: pNSM->get_EnumEveryConnection success!
2012-03-11-10-48-17: InitAdapterList success!
2012-03-11-10-48-17: run to adapter while
2012-03-11-10-48-17: come in while the name isÎŞÏßÍøÂçÁ¬½Ó
2012-03-11-10-48-17: run to adapter while
2012-03-11-10-48-17: come in while the name is±¾µØÁ¬½Ó
2012-03-11-10-48-17: run to adapter while
2012-03-11-10-48-17: come in while the name isChinaNetSNWide
