2012-03-11-14-52-08: come to entry
2012-03-11-14-52-08: parameters is 
2012-03-11-14-52-08: Load Configdll success!
2012-03-11-14-52-08: come to notify_show
2012-03-11-14-52-08: come to  create_window thread
2012-03-11-14-52-08: run to create_window
2012-03-11-14-52-08: get guid is {1E56A5A6-6A71-4B36-9CD0-F99D66D9019C}
2012-03-11-14-52-08: come to start_server
2012-03-11-14-52-08: run to VWN->set_hwnd(hwnd)
2012-03-11-14-52-08: come to VirtualWifiNotifyIcon::Show()
2012-03-11-14-52-09: come to create socket thread
2012-03-11-14-52-09: init socketsuccess!
2012-03-11-14-52-24: run to socket accept
2012-03-11-14-52-24: come to VirtualWifiSocket::OnAccept(SOCKET& socket)
2012-03-11-14-52-25: run to the receive data isMain_Socket
2012-03-11-14-52-25: check CLIENTTYPE_MAINsuccess!
2012-03-11-14-52-25: come to VirtualWifiCommunication::OnMainSocketConnection()
2012-03-11-14-52-27: recv client frist link
2012-03-11-14-52-27: come to :show_balloon(CONST_STR sz_tip_title,CONST_STR sz_tip_content)
2012-03-11-14-52-27: come to VirtualWifiCommunication::init_wifi()
2012-03-11-14-52-27: come to void VirtualWifiCommunication::init_wifi_adapter()
2012-03-11-14-52-27: run to send_main(CONST_STR) the data is 
2012-03-11-14-52-27: come to VirtualWifiManageAdapter::GetConnectedAdapterList()
2012-03-11-14-52-27: come to  VirtualWifiManageAdapter::InitAdapterList()
2012-03-11-14-52-27: come to VirtualWifiManageAdapter::InitNetSharingManger()
2012-03-11-14-52-27: pNSM->get_EnumEveryConnection success!
2012-03-11-14-52-28: InitAdapterList success!
2012-03-11-14-52-29: the adapter is
2012-03-11-14-52-29: find connected adaptersuccess!
2012-03-11-14-52-30: the adapter is
2012-03-11-14-52-33: the adapter is
2012-03-11-14-52-33: find connected adaptersuccess!
2012-03-11-14-52-33: run to send_main(list<wstring>) the data is àe¿~QÜ~Þ¥c
2012-03-11-14-52-33: come to VirtualWifiCommunication::init_wifi_selected_adapter()
2012-03-11-14-52-33: come to VirtualWifiManageAdapter::IntelligentFindNetAdapter()
2012-03-11-14-52-33: come to  VirtualWifiManageAdapter::InitAdapterList()
2012-03-11-14-52-33: come to VirtualWifiManageAdapter::InitNetSharingManger()
2012-03-11-14-52-33: pNSM->get_EnumEveryConnection success!
2012-03-11-14-52-33: find the adapter with netsuccess!
2012-03-11-14-52-33: run to send_main(wstring) the data is C
2012-03-11-14-52-33: send_main(char*) data is 011111÷Œ÷÷,.{Ý
2012-03-11-14-52-33: come to VirtualWifiCommunication::init_wifi_soft()
2012-03-11-14-52-33: run to send_main(CONST_STR) the data is ÐéÄâÎÞÏßÂ·ÓÉ&V²âÊÔ°æ
2012-03-11-14-52-33: send back ground
2012-03-11-14-52-33: send_main(char*) data is Res/back.png
2012-03-11-14-52-33: come to VirtualWifiCommunication::init_wifi_account()
2012-03-11-14-52-33: run to init_wifi_account the data is lhb
2012-03-11-14-52-33: run to send_main(list<CONST_STR>) the data is lhb
2012-03-11-14-52-33: run to send_main(CONST_STR) the data is 
2012-03-11-14-52-33: come to VirtualWifiSocketBase::OnAccept(SOCKET& socket)
2012-03-11-14-52-42: come to void VirtualWifiCommunication::init_wifi_adapter()
2012-03-11-14-52-42: run to send_main(CONST_STR) the data is 
2012-03-11-14-52-44: come to VirtualWifiManageAdapter::GetConnectedAdapterList()
2012-03-11-14-52-44: come to  VirtualWifiManageAdapter::InitAdapterList()
2012-03-11-14-52-44: come to VirtualWifiManageAdapter::InitNetSharingManger()
2012-03-11-14-52-44: pNSM->get_EnumEveryConnection success!
2012-03-11-14-52-44: InitAdapterList success!
2012-03-11-14-52-44: the adapter is
2012-03-11-14-52-44: find connected adaptersuccess!
2012-03-11-14-52-44: the adapter is
2012-03-11-14-52-44: the adapter is
2012-03-11-14-52-44: find connected adaptersuccess!
2012-03-11-14-52-44: run to send_main(list<wstring>) the data is àe¿~QÜ~Þ¥c
2012-03-11-14-52-44: come to VirtualWifiCommunication::init_wifi_selected_adapter()
2012-03-11-14-52-44: come to VirtualWifiManageAdapter::IntelligentFindNetAdapter()
2012-03-11-14-52-44: come to  VirtualWifiManageAdapter::InitAdapterList()
2012-03-11-14-52-44: come to VirtualWifiManageAdapter::InitNetSharingManger()
2012-03-11-14-52-44: pNSM->get_EnumEveryConnection success!
2012-03-11-14-52-44: find the adapter with netsuccess!
2012-03-11-14-52-44: run to send_main(wstring) the data is C
2012-03-11-14-52-50: the adapter name is 
2012-03-11-14-52-50: come to VirtualWifiManageAdapter::UnSharingAdapter(CONST_STR sz_ada
2012-03-11-14-52-50: come to  VirtualWifiManageAdapter::InitAdapterList()
2012-03-11-14-52-50: come to VirtualWifiManageAdapter::InitNetSharingManger()
2012-03-11-14-52-50: pNSM->get_EnumEveryConnection success!
2012-03-11-14-52-50: InitAdapterList success!
2012-03-11-14-52-50: run to adapter while
2012-03-11-14-52-50: come in while the name is
2012-03-11-14-52-50: run to share the adapter
2012-03-11-14-52-51: run to adapter while
2012-03-11-14-52-51: come in while the name is
2012-03-11-14-52-51: run to adapter while
2012-03-11-14-52-51: come in while the name is
