生成启动时间为 2012/6/5 16:19:12。
     1>项目“D:\VirtualWifi工程\VirtualWifiCore\VirtualWifi\VirtualWifi.vcxproj”在节点 2 上(rebuild 个目标)。
     1>_PrepareForClean:
         正在删除文件“Release\VirtualWifi.lastbuildstate”。
       InitializeBuildStatus:
         正在创建“Release\VirtualWifi.unsuccessfulbuild”，因为已指定“AlwaysCreate”。
       ClCompile:
         D:\Program Files (x86)\Microsoft Visual Studio 10.0\VC\bin\CL.exe /c /Zi /nologo /W3 /WX- /O2 /Oi /Oy- /GL /D WIN32 /D NDEBUG /D _WINDOWS /Gm- /EHsc /MT /GS /Gy /fp:precise /Zc:wchar_t /Zc:forScope /Yc"StdAfx.h" /Fp"Release\VirtualWifi.pch" /Fo"Release\\" /Fd"Release\vc100.pdb" /Gd /TP /analyze- /errorReport:prompt stdafx.cpp
         stdafx.cpp
         D:\Program Files (x86)\Microsoft Visual Studio 10.0\VC\bin\CL.exe /c /Zi /nologo /W3 /WX- /O2 /Oi /Oy- /GL /D WIN32 /D NDEBUG /D _WINDOWS /Gm- /EHsc /MT /GS /Gy /fp:precise /Zc:wchar_t /Zc:forScope /Yu"StdAfx.h" /Fp"Release\VirtualWifi.pch" /Fo"Release\\" /Fd"Release\vc100.pdb" /Gd /TP /analyze- /errorReport:prompt VirtualWifi.cpp
         VirtualWifi.cpp
       Link:
         D:\Program Files (x86)\Microsoft Visual Studio 10.0\VC\bin\link.exe /ERRORREPORT:PROMPT /OUT:"D:\VirtualWifi工程\VirtualWifiCore\Release\VirtualWifi.exe" /INCREMENTAL:NO /NOLOGO kernel32.lib user32.lib gdi32.lib winspool.lib comdlg32.lib advapi32.lib shell32.lib ole32.lib oleaut32.lib uuid.lib odbc32.lib odbccp32.lib /MANIFEST /ManifestFile:"Release\VirtualWifi.exe.intermediate.manifest" /MANIFESTUAC:"level='asInvoker' uiAccess='false'" /DEBUG /PDB:"D:\VirtualWifi工程\VirtualWifiCore\Release\VirtualWifi.pdb" /SUBSYSTEM:WINDOWS /OPT:REF /OPT:ICF /LTCG /TLBID:1 /DYNAMICBASE /NXCOMPAT /IMPLIB:"D:\VirtualWifi工程\VirtualWifiCore\Release\VirtualWifi.lib" /MACHINE:X86 Release\stdafx.obj
         Release\VirtualWifi.obj
         正在生成代码
         已完成代码的生成
         VirtualWifi.vcxproj -> D:\VirtualWifi工程\VirtualWifiCore\Release\VirtualWifi.exe
       Manifest:
         C:\Program Files (x86)\Microsoft SDKs\Windows\v7.0A\bin\mt.exe /nologo /verbose /outputresource:"D:\VirtualWifi工程\VirtualWifiCore\Release\VirtualWifi.exe;#1" /manifest Release\VirtualWifi.exe.intermediate.manifest
       FinalizeBuildStatus:
         正在删除文件“Release\VirtualWifi.unsuccessfulbuild”。
         正在对“Release\VirtualWifi.lastbuildstate”执行 Touch 任务。
     1>已完成生成项目“D:\VirtualWifi工程\VirtualWifiCore\VirtualWifi\VirtualWifi.vcxproj”(rebuild 个目标)的操作。

生成成功。

已用时间 00:00:01.76
