D:\VIRTUALWIFI工程\VIRTUALWIFICORE\DEBUG\VIRTUALWIFICORE.DLL
D:\VirtualWifi工程\VirtualWifiCore\Debug\VirtualWifiCore.exp
D:\VIRTUALWIFI工程\VIRTUALWIFICORE\DEBUG\VIRTUALWIFICORE.ILK
D:\VirtualWifi工程\VirtualWifiCore\Debug\VirtualWifiCore.lib
D:\VIRTUALWIFI工程\VIRTUALWIFICORE\DEBUG\VIRTUALWIFICORE.PDB
D:\VirtualWifi工程\VirtualWifiCore\VirtualWifiCore\Debug\cl.command.1.tlog
D:\VirtualWifi工程\VirtualWifiCore\VirtualWifiCore\Debug\CL.read.1.tlog
D:\VirtualWifi工程\VirtualWifiCore\VirtualWifiCore\Debug\CL.write.1.tlog
D:\VIRTUALWIFI工程\VIRTUALWIFICORE\VIRTUALWIFICORE\DEBUG\DLLMAIN.OBJ
D:\VIRTUALWIFI工程\VIRTUALWIFICORE\VIRTUALWIFICORE\DEBUG\ENTRY.OBJ
D:\VirtualWifi工程\VirtualWifiCore\VirtualWifiCore\Debug\link.8080.read.1.tlog
D:\VirtualWifi工程\VirtualWifiCore\VirtualWifiCore\Debug\link.8080.write.1.tlog
D:\VirtualWifi工程\VirtualWifiCore\VirtualWifiCore\Debug\link.8080-cvtres.read.1.tlog
D:\VirtualWifi工程\VirtualWifiCore\VirtualWifiCore\Debug\link.8080-cvtres.write.1.tlog
D:\VirtualWifi工程\VirtualWifiCore\VirtualWifiCore\Debug\link.command.1.tlog
D:\VirtualWifi工程\VirtualWifiCore\VirtualWifiCore\Debug\link.read.1.tlog
D:\VirtualWifi工程\VirtualWifiCore\VirtualWifiCore\Debug\link.write.1.tlog
D:\VirtualWifi工程\VirtualWifiCore\VirtualWifiCore\Debug\link-cvtres.read.1.tlog
D:\VirtualWifi工程\VirtualWifiCore\VirtualWifiCore\Debug\link-cvtres.write.1.tlog
D:\VirtualWifi工程\VirtualWifiCore\VirtualWifiCore\Debug\mt.command.1.tlog
D:\VirtualWifi工程\VirtualWifiCore\VirtualWifiCore\Debug\mt.read.1.tlog
D:\VirtualWifi工程\VirtualWifiCore\VirtualWifiCore\Debug\mt.write.1.tlog
D:\VirtualWifi工程\VirtualWifiCore\VirtualWifiCore\Debug\rc.command.1.tlog
D:\VirtualWifi工程\VirtualWifiCore\VirtualWifiCore\Debug\rc.read.1.tlog
D:\VirtualWifi工程\VirtualWifiCore\VirtualWifiCore\Debug\rc.write.1.tlog
D:\VIRTUALWIFI工程\VIRTUALWIFICORE\VIRTUALWIFICORE\DEBUG\STDAFX.OBJ
D:\VIRTUALWIFI工程\VIRTUALWIFICORE\VIRTUALWIFICORE\DEBUG\TASK_THREAD.OBJ
D:\VirtualWifi工程\VirtualWifiCore\VirtualWifiCore\Debug\vc100.idb
D:\VIRTUALWIFI工程\VIRTUALWIFICORE\VIRTUALWIFICORE\DEBUG\VC100.PDB
D:\VIRTUALWIFI工程\VIRTUALWIFICORE\VIRTUALWIFICORE\DEBUG\VIRTUALCONFIG.OBJ
D:\VIRTUALWIFI工程\VIRTUALWIFICORE\VIRTUALWIFICORE\DEBUG\VIRTUALPEERHIS.OBJ
D:\VIRTUALWIFI工程\VIRTUALWIFICORE\VIRTUALWIFICORE\DEBUG\VIRTUALWIFIACHIEVE.OBJ
D:\VIRTUALWIFI工程\VIRTUALWIFICORE\VIRTUALWIFICORE\DEBUG\VIRTUALWIFIACHIEVEBASE.OBJ
D:\VIRTUALWIFI工程\VIRTUALWIFICORE\VIRTUALWIFICORE\DEBUG\VIRTUALWIFIANALYSIS.OBJ
D:\VIRTUALWIFI工程\VIRTUALWIFICORE\VIRTUALWIFICORE\DEBUG\VIRTUALWIFIAPP.OBJ
D:\VIRTUALWIFI工程\VIRTUALWIFICORE\VIRTUALWIFICORE\DEBUG\VIRTUALWIFIBASE.OBJ
D:\VIRTUALWIFI工程\VIRTUALWIFICORE\VIRTUALWIFICORE\DEBUG\VIRTUALWIFICOMMANDBASE.OBJ
D:\VIRTUALWIFI工程\VIRTUALWIFICORE\VIRTUALWIFICORE\DEBUG\VIRTUALWIFICOMMANDIN.OBJ
D:\VIRTUALWIFI工程\VIRTUALWIFICORE\VIRTUALWIFICORE\DEBUG\VIRTUALWIFICOMMANDOUT.OBJ
D:\VIRTUALWIFI工程\VIRTUALWIFICORE\VIRTUALWIFICORE\DEBUG\VIRTUALWIFICOMMUNICATION.OBJ
D:\VIRTUALWIFI工程\VIRTUALWIFICORE\VIRTUALWIFICORE\DEBUG\VIRTUALWIFICONFIG.OBJ
D:\VIRTUALWIFI工程\VIRTUALWIFICORE\VIRTUALWIFICORE\DEBUG\VIRTUALWIFICONST.OBJ
D:\VIRTUALWIFI工程\VIRTUALWIFICORE\VIRTUALWIFICORE\DEBUG\VIRTUALWIFICORE.DLL.EMBED.MANIFEST
D:\VIRTUALWIFI工程\VIRTUALWIFICORE\VIRTUALWIFICORE\DEBUG\VIRTUALWIFICORE.DLL.EMBED.MANIFEST.RES
D:\VIRTUALWIFI工程\VIRTUALWIFICORE\VIRTUALWIFICORE\DEBUG\VIRTUALWIFICORE.DLL.INTERMEDIATE.MANIFEST
D:\VIRTUALWIFI工程\VIRTUALWIFICORE\VIRTUALWIFICORE\DEBUG\VIRTUALWIFICORE.OBJ
D:\VIRTUALWIFI工程\VIRTUALWIFICORE\VIRTUALWIFICORE\DEBUG\VIRTUALWIFICORE.PCH
D:\VirtualWifi工程\VirtualWifiCore\VirtualWifiCore\Debug\VirtualWifiCore.write.1.tlog
D:\VirtualWifi工程\VirtualWifiCore\VirtualWifiCore\Debug\VirtualWifiCore_manifest.rc
D:\VIRTUALWIFI工程\VIRTUALWIFICORE\VIRTUALWIFICORE\DEBUG\VIRTUALWIFICOUNTFLOW.OBJ
D:\VIRTUALWIFI工程\VIRTUALWIFICORE\VIRTUALWIFICORE\DEBUG\VIRTUALWIFIDRIVER.OBJ
D:\VIRTUALWIFI工程\VIRTUALWIFICORE\VIRTUALWIFICORE\DEBUG\VIRTUALWIFIERRORMES.OBJ
D:\VIRTUALWIFI工程\VIRTUALWIFICORE\VIRTUALWIFICORE\DEBUG\VIRTUALWIFIEXECUTECMD.OBJ
D:\VIRTUALWIFI工程\VIRTUALWIFICORE\VIRTUALWIFICORE\DEBUG\VIRTUALWIFIFLOW.OBJ
D:\VIRTUALWIFI工程\VIRTUALWIFICORE\VIRTUALWIFICORE\DEBUG\VIRTUALWIFIIDENTIFIER.OBJ
D:\VIRTUALWIFI工程\VIRTUALWIFICORE\VIRTUALWIFICORE\DEBUG\VIRTUALWIFIINIT.OBJ
D:\VIRTUALWIFI工程\VIRTUALWIFICORE\VIRTUALWIFICORE\DEBUG\VIRTUALWIFIJUDAGE.OBJ
D:\VIRTUALWIFI工程\VIRTUALWIFICORE\VIRTUALWIFICORE\DEBUG\VIRTUALWIFILOG.OBJ
D:\VIRTUALWIFI工程\VIRTUALWIFICORE\VIRTUALWIFICORE\DEBUG\VIRTUALWIFIMAC.OBJ
D:\VIRTUALWIFI工程\VIRTUALWIFICORE\VIRTUALWIFICORE\DEBUG\VIRTUALWIFIMACLIST.OBJ
D:\VIRTUALWIFI工程\VIRTUALWIFICORE\VIRTUALWIFICORE\DEBUG\VIRTUALWIFIMANAGEADAPTER.OBJ
D:\VIRTUALWIFI工程\VIRTUALWIFICORE\VIRTUALWIFICORE\DEBUG\VIRTUALWIFINETINFO.OBJ
D:\VIRTUALWIFI工程\VIRTUALWIFICORE\VIRTUALWIFICORE\DEBUG\VIRTUALWIFINOTIFYICON.OBJ
D:\VIRTUALWIFI工程\VIRTUALWIFICORE\VIRTUALWIFICORE\DEBUG\VIRTUALWIFINOTIFYICONBASE.OBJ
D:\VIRTUALWIFI工程\VIRTUALWIFICORE\VIRTUALWIFICORE\DEBUG\VIRTUALWIFINOTIFYICONINFO.OBJ
D:\VIRTUALWIFI工程\VIRTUALWIFICORE\VIRTUALWIFICORE\DEBUG\VIRTUALWIFIPARSE.OBJ
D:\VIRTUALWIFI工程\VIRTUALWIFICORE\VIRTUALWIFICORE\DEBUG\VIRTUALWIFIPEER.OBJ
D:\VIRTUALWIFI工程\VIRTUALWIFICORE\VIRTUALWIFICORE\DEBUG\VIRTUALWIFIPEERLIST.OBJ
D:\VIRTUALWIFI工程\VIRTUALWIFICORE\VIRTUALWIFICORE\DEBUG\VIRTUALWIFIREG.OBJ
D:\VIRTUALWIFI工程\VIRTUALWIFICORE\VIRTUALWIFICORE\DEBUG\VIRTUALWIFIREGBASE.OBJ
D:\VIRTUALWIFI工程\VIRTUALWIFICORE\VIRTUALWIFICORE\DEBUG\VIRTUALWIFISERVICE.OBJ
D:\VIRTUALWIFI工程\VIRTUALWIFICORE\VIRTUALWIFICORE\DEBUG\VIRTUALWIFISOCKET.OBJ
D:\VIRTUALWIFI工程\VIRTUALWIFICORE\VIRTUALWIFICORE\DEBUG\VIRTUALWIFISOCKETBASE.OBJ
D:\VIRTUALWIFI工程\VIRTUALWIFICORE\VIRTUALWIFICORE\DEBUG\VIRTUALWIFISOFT.OBJ
D:\VIRTUALWIFI工程\VIRTUALWIFICORE\VIRTUALWIFICORE\DEBUG\VIRTUALWIFITASK.OBJ
