2012-06-05-12-06-45: come to entry
2012-06-05-12-06-45: parameters is D:\VirtualWifi¹¤³Ì\VirtualWifiCore\Debug\Config.xml
2012-06-05-12-06-45: Load Configdll success!
2012-06-05-12-06-45: come to notify_show
2012-06-05-12-06-45: come to  create_window thread
2012-06-05-12-06-45: run to create_window
2012-06-05-12-06-45: get guid is {2925F1C7-3BAD-4C8D-A5A4-61D093F4B0A6}
2012-06-05-12-06-45: come to start_server
2012-06-05-12-06-45: run to VWN->set_hwnd(hwnd)
2012-06-05-12-06-45: come to VirtualWifiNotifyIcon::Show()
2012-06-05-12-06-45: the port is 2301
2012-06-05-12-06-45: come to create socket thread
2012-06-05-12-06-45: init socketsuccess!
2012-06-05-12-07-11: come to ico click
2012-06-05-12-07-11: the port is 2301
2012-06-05-12-07-12: come to ico click
2012-06-05-12-07-12: the port is 2301
2012-06-05-12-07-17: come to ico click
2012-06-05-12-07-17: the port is 2301
2012-06-05-12-07-18: come to ico click
2012-06-05-12-07-18: the port is 2301
