生成启动时间为 2012/6/5 12:04:44。
     1>项目“D:\VirtualWifi工程\VirtualWifiCore\VirtualWifi\VirtualWifi.vcxproj”在节点 2 上(rebuild 个目标)。
     1>_PrepareForClean:
         正在删除文件“Debug\VirtualWifi.lastbuildstate”。
       InitializeBuildStatus:
         正在创建“Debug\VirtualWifi.unsuccessfulbuild”，因为已指定“AlwaysCreate”。
       ClCompile:
         D:\Program Files (x86)\Microsoft Visual Studio 10.0\VC\bin\CL.exe /c /ZI /nologo /W3 /WX- /Od /Oy- /D WIN32 /D _DEBUG /D _WINDOWS /Gm /EHsc /RTC1 /MT /GS /fp:precise /Zc:wchar_t /Zc:forScope /Yc"StdAfx.h" /Fp"Debug\VirtualWifi.pch" /Fo"Debug\\" /Fd"Debug\vc100.pdb" /Gd /TP /analyze- /errorReport:prompt stdafx.cpp
         stdafx.cpp
         D:\Program Files (x86)\Microsoft Visual Studio 10.0\VC\bin\CL.exe /c /ZI /nologo /W3 /WX- /Od /Oy- /D WIN32 /D _DEBUG /D _WINDOWS /Gm /EHsc /RTC1 /MT /GS /fp:precise /Zc:wchar_t /Zc:forScope /Yu"StdAfx.h" /Fp"Debug\VirtualWifi.pch" /Fo"Debug\\" /Fd"Debug\vc100.pdb" /Gd /TP /analyze- /errorReport:prompt VirtualWifi.cpp
         VirtualWifi.cpp
       ManifestResourceCompile:
         C:\Program Files (x86)\Microsoft SDKs\Windows\v7.0A\bin\rc.exe /nologo /fo"Debug\VirtualWifi.exe.embed.manifest.res" Debug\VirtualWifi_manifest.rc 
       Link:
         D:\Program Files (x86)\Microsoft Visual Studio 10.0\VC\bin\link.exe /ERRORREPORT:PROMPT /OUT:"D:\VirtualWifi工程\VirtualWifiCore\Debug\VirtualWifi.exe" /INCREMENTAL /NOLOGO kernel32.lib user32.lib gdi32.lib winspool.lib comdlg32.lib advapi32.lib shell32.lib ole32.lib oleaut32.lib uuid.lib odbc32.lib odbccp32.lib /MANIFEST /ManifestFile:"Debug\VirtualWifi.exe.intermediate.manifest" /MANIFESTUAC:"level='asInvoker' uiAccess='false'" /DEBUG /PDB:"D:\VirtualWifi工程\VirtualWifiCore\Debug\VirtualWifi.pdb" /SUBSYSTEM:WINDOWS /TLBID:1 /DYNAMICBASE /NXCOMPAT /IMPLIB:"D:\VirtualWifi工程\VirtualWifiCore\Debug\VirtualWifi.lib" /MACHINE:X86 Debug\VirtualWifi.exe.embed.manifest.res
         Debug\stdafx.obj
         Debug\VirtualWifi.obj
       Manifest:
         正在删除文件“Debug\VirtualWifi.exe.embed.manifest”。
         C:\Program Files (x86)\Microsoft SDKs\Windows\v7.0A\bin\mt.exe /nologo /verbose /out:"Debug\VirtualWifi.exe.embed.manifest" /manifest Debug\VirtualWifi.exe.intermediate.manifest
         C:\Program Files (x86)\Microsoft SDKs\Windows\v7.0A\bin\rc.exe /nologo /fo"Debug\VirtualWifi.exe.embed.manifest.res" Debug\VirtualWifi_manifest.rc 
       LinkEmbedManifest:
         D:\Program Files (x86)\Microsoft Visual Studio 10.0\VC\bin\link.exe /ERRORREPORT:PROMPT /OUT:"D:\VirtualWifi工程\VirtualWifiCore\Debug\VirtualWifi.exe" /INCREMENTAL /NOLOGO kernel32.lib user32.lib gdi32.lib winspool.lib comdlg32.lib advapi32.lib shell32.lib ole32.lib oleaut32.lib uuid.lib odbc32.lib odbccp32.lib /MANIFEST /ManifestFile:"Debug\VirtualWifi.exe.intermediate.manifest" /MANIFESTUAC:"level='asInvoker' uiAccess='false'" /DEBUG /PDB:"D:\VirtualWifi工程\VirtualWifiCore\Debug\VirtualWifi.pdb" /SUBSYSTEM:WINDOWS /TLBID:1 /DYNAMICBASE /NXCOMPAT /IMPLIB:"D:\VirtualWifi工程\VirtualWifiCore\Debug\VirtualWifi.lib" /MACHINE:X86 Debug\VirtualWifi.exe.embed.manifest.res
         Debug\stdafx.obj
         Debug\VirtualWifi.obj
         VirtualWifi.vcxproj -> D:\VirtualWifi工程\VirtualWifiCore\Debug\VirtualWifi.exe
       FinalizeBuildStatus:
         正在删除文件“Debug\VirtualWifi.unsuccessfulbuild”。
         正在对“Debug\VirtualWifi.lastbuildstate”执行 Touch 任务。
     1>已完成生成项目“D:\VirtualWifi工程\VirtualWifiCore\VirtualWifi\VirtualWifi.vcxproj”(rebuild 个目标)的操作。

生成成功。

已用时间 00:00:02.70
