D:\VIRTUALWIFI工程\VIRTUALWIFICORE\DEBUG\VIRTUALWIFI.EXE
D:\VIRTUALWIFI工程\VIRTUALWIFICORE\DEBUG\VIRTUALWIFI.ILK
D:\VIRTUALWIFI工程\VIRTUALWIFICORE\DEBUG\VIRTUALWIFI.PDB
D:\VirtualWifi工程\VirtualWifiCore\VirtualWifi\Debug\cl.command.1.tlog
D:\VirtualWifi工程\VirtualWifiCore\VirtualWifi\Debug\CL.read.1.tlog
D:\VirtualWifi工程\VirtualWifiCore\VirtualWifi\Debug\CL.write.1.tlog
D:\VirtualWifi工程\VirtualWifiCore\VirtualWifi\Debug\link.5276.read.1.tlog
D:\VirtualWifi工程\VirtualWifiCore\VirtualWifi\Debug\link.5276.write.1.tlog
D:\VirtualWifi工程\VirtualWifiCore\VirtualWifi\Debug\link.5276-cvtres.read.1.tlog
D:\VirtualWifi工程\VirtualWifiCore\VirtualWifi\Debug\link.5276-cvtres.write.1.tlog
D:\VirtualWifi工程\VirtualWifiCore\VirtualWifi\Debug\link.command.1.tlog
D:\VirtualWifi工程\VirtualWifiCore\VirtualWifi\Debug\link.read.1.tlog
D:\VirtualWifi工程\VirtualWifiCore\VirtualWifi\Debug\link.write.1.tlog
D:\VirtualWifi工程\VirtualWifiCore\VirtualWifi\Debug\link-cvtres.read.1.tlog
D:\VirtualWifi工程\VirtualWifiCore\VirtualWifi\Debug\link-cvtres.write.1.tlog
D:\VirtualWifi工程\VirtualWifiCore\VirtualWifi\Debug\mt.command.1.tlog
D:\VirtualWifi工程\VirtualWifiCore\VirtualWifi\Debug\mt.read.1.tlog
D:\VirtualWifi工程\VirtualWifiCore\VirtualWifi\Debug\mt.write.1.tlog
D:\VirtualWifi工程\VirtualWifiCore\VirtualWifi\Debug\rc.command.1.tlog
D:\VirtualWifi工程\VirtualWifiCore\VirtualWifi\Debug\rc.read.1.tlog
D:\VirtualWifi工程\VirtualWifiCore\VirtualWifi\Debug\rc.write.1.tlog
D:\VIRTUALWIFI工程\VIRTUALWIFICORE\VIRTUALWIFI\DEBUG\STDAFX.OBJ
D:\VirtualWifi工程\VirtualWifiCore\VirtualWifi\Debug\vc100.idb
D:\VIRTUALWIFI工程\VIRTUALWIFICORE\VIRTUALWIFI\DEBUG\VC100.PDB
D:\VIRTUALWIFI工程\VIRTUALWIFICORE\VIRTUALWIFI\DEBUG\VIRTUALWIFI.EXE.EMBED.MANIFEST
D:\VIRTUALWIFI工程\VIRTUALWIFICORE\VIRTUALWIFI\DEBUG\VIRTUALWIFI.EXE.EMBED.MANIFEST.RES
D:\VIRTUALWIFI工程\VIRTUALWIFICORE\VIRTUALWIFI\DEBUG\VIRTUALWIFI.EXE.INTERMEDIATE.MANIFEST
D:\VIRTUALWIFI工程\VIRTUALWIFICORE\VIRTUALWIFI\DEBUG\VIRTUALWIFI.OBJ
D:\VIRTUALWIFI工程\VIRTUALWIFICORE\VIRTUALWIFI\DEBUG\VIRTUALWIFI.PCH
D:\VirtualWifi工程\VirtualWifiCore\VirtualWifi\Debug\VirtualWifi_manifest.rc
