D:\VIRTUALWIFI工程\VIRTUALWIFICORE\RELEASE\VIRTUALWIFICORE.DLL
D:\VirtualWifi工程\VirtualWifiCore\Release\VirtualWifiCore.exp
D:\VirtualWifi工程\VirtualWifiCore\Release\VirtualWifiCore.lib
D:\VIRTUALWIFI工程\VIRTUALWIFICORE\RELEASE\VIRTUALWIFICORE.PDB
D:\VirtualWifi工程\VirtualWifiCore\VirtualWifiCore\Release\cl.command.1.tlog
D:\VirtualWifi工程\VirtualWifiCore\VirtualWifiCore\Release\CL.read.1.tlog
D:\VirtualWifi工程\VirtualWifiCore\VirtualWifiCore\Release\CL.write.1.tlog
D:\VIRTUALWIFI工程\VIRTUALWIFICORE\VIRTUALWIFICORE\RELEASE\DLLMAIN.OBJ
D:\VIRTUALWIFI工程\VIRTUALWIFICORE\VIRTUALWIFICORE\RELEASE\ENTRY.OBJ
D:\VirtualWifi工程\VirtualWifiCore\VirtualWifiCore\Release\link.command.1.tlog
D:\VirtualWifi工程\VirtualWifiCore\VirtualWifiCore\Release\link.read.1.tlog
D:\VirtualWifi工程\VirtualWifiCore\VirtualWifiCore\Release\link.write.1.tlog
D:\VirtualWifi工程\VirtualWifiCore\VirtualWifiCore\Release\mt.command.1.tlog
D:\VirtualWifi工程\VirtualWifiCore\VirtualWifiCore\Release\mt.read.1.tlog
D:\VirtualWifi工程\VirtualWifiCore\VirtualWifiCore\Release\mt.write.1.tlog
D:\VIRTUALWIFI工程\VIRTUALWIFICORE\VIRTUALWIFICORE\RELEASE\STDAFX.OBJ
D:\VIRTUALWIFI工程\VIRTUALWIFICORE\VIRTUALWIFICORE\RELEASE\TASK_THREAD.OBJ
D:\VIRTUALWIFI工程\VIRTUALWIFICORE\VIRTUALWIFICORE\RELEASE\VC100.PDB
D:\VIRTUALWIFI工程\VIRTUALWIFICORE\VIRTUALWIFICORE\RELEASE\VIRTUALCONFIG.OBJ
D:\VIRTUALWIFI工程\VIRTUALWIFICORE\VIRTUALWIFICORE\RELEASE\VIRTUALPEERHIS.OBJ
D:\VIRTUALWIFI工程\VIRTUALWIFICORE\VIRTUALWIFICORE\RELEASE\VIRTUALWIFIACHIEVE.OBJ
D:\VIRTUALWIFI工程\VIRTUALWIFICORE\VIRTUALWIFICORE\RELEASE\VIRTUALWIFIACHIEVEBASE.OBJ
D:\VIRTUALWIFI工程\VIRTUALWIFICORE\VIRTUALWIFICORE\RELEASE\VIRTUALWIFIANALYSIS.OBJ
D:\VIRTUALWIFI工程\VIRTUALWIFICORE\VIRTUALWIFICORE\RELEASE\VIRTUALWIFIAPP.OBJ
D:\VIRTUALWIFI工程\VIRTUALWIFICORE\VIRTUALWIFICORE\RELEASE\VIRTUALWIFIBASE.OBJ
D:\VIRTUALWIFI工程\VIRTUALWIFICORE\VIRTUALWIFICORE\RELEASE\VIRTUALWIFICOMMANDBASE.OBJ
D:\VIRTUALWIFI工程\VIRTUALWIFICORE\VIRTUALWIFICORE\RELEASE\VIRTUALWIFICOMMANDIN.OBJ
D:\VIRTUALWIFI工程\VIRTUALWIFICORE\VIRTUALWIFICORE\RELEASE\VIRTUALWIFICOMMANDOUT.OBJ
D:\VIRTUALWIFI工程\VIRTUALWIFICORE\VIRTUALWIFICORE\RELEASE\VIRTUALWIFICOMMUNICATION.OBJ
D:\VIRTUALWIFI工程\VIRTUALWIFICORE\VIRTUALWIFICORE\RELEASE\VIRTUALWIFICONFIG.OBJ
D:\VIRTUALWIFI工程\VIRTUALWIFICORE\VIRTUALWIFICORE\RELEASE\VIRTUALWIFICONST.OBJ
D:\VIRTUALWIFI工程\VIRTUALWIFICORE\VIRTUALWIFICORE\RELEASE\VIRTUALWIFICORE.DLL.INTERMEDIATE.MANIFEST
D:\VIRTUALWIFI工程\VIRTUALWIFICORE\VIRTUALWIFICORE\RELEASE\VIRTUALWIFICORE.OBJ
D:\VIRTUALWIFI工程\VIRTUALWIFICORE\VIRTUALWIFICORE\RELEASE\VIRTUALWIFICORE.PCH
D:\VirtualWifi工程\VirtualWifiCore\VirtualWifiCore\Release\VirtualWifiCore.write.1.tlog
D:\VIRTUALWIFI工程\VIRTUALWIFICORE\VIRTUALWIFICORE\RELEASE\VIRTUALWIFICOUNTFLOW.OBJ
D:\VIRTUALWIFI工程\VIRTUALWIFICORE\VIRTUALWIFICORE\RELEASE\VIRTUALWIFIDRIVER.OBJ
D:\VIRTUALWIFI工程\VIRTUALWIFICORE\VIRTUALWIFICORE\RELEASE\VIRTUALWIFIERRORMES.OBJ
D:\VIRTUALWIFI工程\VIRTUALWIFICORE\VIRTUALWIFICORE\RELEASE\VIRTUALWIFIEXECUTECMD.OBJ
D:\VIRTUALWIFI工程\VIRTUALWIFICORE\VIRTUALWIFICORE\RELEASE\VIRTUALWIFIFLOW.OBJ
D:\VIRTUALWIFI工程\VIRTUALWIFICORE\VIRTUALWIFICORE\RELEASE\VIRTUALWIFIIDENTIFIER.OBJ
D:\VIRTUALWIFI工程\VIRTUALWIFICORE\VIRTUALWIFICORE\RELEASE\VIRTUALWIFIINIT.OBJ
D:\VIRTUALWIFI工程\VIRTUALWIFICORE\VIRTUALWIFICORE\RELEASE\VIRTUALWIFIJUDAGE.OBJ
D:\VIRTUALWIFI工程\VIRTUALWIFICORE\VIRTUALWIFICORE\RELEASE\VIRTUALWIFILOG.OBJ
D:\VIRTUALWIFI工程\VIRTUALWIFICORE\VIRTUALWIFICORE\RELEASE\VIRTUALWIFIMAC.OBJ
D:\VIRTUALWIFI工程\VIRTUALWIFICORE\VIRTUALWIFICORE\RELEASE\VIRTUALWIFIMACLIST.OBJ
D:\VIRTUALWIFI工程\VIRTUALWIFICORE\VIRTUALWIFICORE\RELEASE\VIRTUALWIFIMANAGEADAPTER.OBJ
D:\VIRTUALWIFI工程\VIRTUALWIFICORE\VIRTUALWIFICORE\RELEASE\VIRTUALWIFINETINFO.OBJ
D:\VIRTUALWIFI工程\VIRTUALWIFICORE\VIRTUALWIFICORE\RELEASE\VIRTUALWIFINOTIFYICON.OBJ
D:\VIRTUALWIFI工程\VIRTUALWIFICORE\VIRTUALWIFICORE\RELEASE\VIRTUALWIFINOTIFYICONBASE.OBJ
D:\VIRTUALWIFI工程\VIRTUALWIFICORE\VIRTUALWIFICORE\RELEASE\VIRTUALWIFINOTIFYICONINFO.OBJ
D:\VIRTUALWIFI工程\VIRTUALWIFICORE\VIRTUALWIFICORE\RELEASE\VIRTUALWIFIPARSE.OBJ
D:\VIRTUALWIFI工程\VIRTUALWIFICORE\VIRTUALWIFICORE\RELEASE\VIRTUALWIFIPEER.OBJ
D:\VIRTUALWIFI工程\VIRTUALWIFICORE\VIRTUALWIFICORE\RELEASE\VIRTUALWIFIPEERLIST.OBJ
D:\VIRTUALWIFI工程\VIRTUALWIFICORE\VIRTUALWIFICORE\RELEASE\VIRTUALWIFIREG.OBJ
D:\VIRTUALWIFI工程\VIRTUALWIFICORE\VIRTUALWIFICORE\RELEASE\VIRTUALWIFIREGBASE.OBJ
D:\VIRTUALWIFI工程\VIRTUALWIFICORE\VIRTUALWIFICORE\RELEASE\VIRTUALWIFISERVICE.OBJ
D:\VIRTUALWIFI工程\VIRTUALWIFICORE\VIRTUALWIFICORE\RELEASE\VIRTUALWIFISOCKET.OBJ
D:\VIRTUALWIFI工程\VIRTUALWIFICORE\VIRTUALWIFICORE\RELEASE\VIRTUALWIFISOCKETBASE.OBJ
D:\VIRTUALWIFI工程\VIRTUALWIFICORE\VIRTUALWIFICORE\RELEASE\VIRTUALWIFISOFT.OBJ
D:\VIRTUALWIFI工程\VIRTUALWIFICORE\VIRTUALWIFICORE\RELEASE\VIRTUALWIFITASK.OBJ
